# JRE version: Java(TM) SE Runtime Environment (7.0_72-b14) (build 1.7.0_72-b14)
# Java VM: Java HotSpot(TM) Client VM (24.72-b04 mixed mode, sharing windows-x86 )
Heap
 def new generation   total 157248K, used 21563K [0x1c000000, 0x26aa0000, 0x26aa0000)
  eden space 139776K,   7% used [0x1c000000, 0x1ca47790, 0x24880000)
  from space 17472K,  63% used [0x24880000, 0x25347790, 0x25990000)
  to   space 17472K,   0% used [0x25990000, 0x25990000, 0x26aa0000)
 tenured generation   total 349568K, used 214061K [0x26aa0000, 0x3c000000, 0x3c000000)
   the space 349568K,  61% used [0x26aa0000, 0x33bab460, 0x33bab600, 0x3c000000)
 compacting perm gen  total 102912K, used 102891K [0x3c000000, 0x42480000, 0x4c000000)
   the space 102912K,  99% used [0x3c000000, 0x4247af80, 0x4247b000, 0x42480000)
    ro space 10240K,  42% used [0x4c000000, 0x4c4350e0, 0x4c435200, 0x4ca00000)
    rw space 12288K,  51% used [0x4ca00000, 0x4d03ae78, 0x4d03b000, 0x4d600000)
GC Heap History (10 events):
Event: 16606.916 GC heap before
{Heap before GC invocations=231 (full 38):
 def new generation   total 157248K, used 157248K [0x1c000000, 0x26aa0000, 0x26aa0000)
  eden space 139776K, 100% used [0x1c000000, 0x24880000, 0x24880000)
  from space 17472K, 100% used [0x24880000, 0x25990000, 0x25990000)
  to   space 17472K,   0% used [0x25990000, 0x25990000, 0x26aa0000)
 tenured generation   total 349568K, used 248888K [0x26aa0000, 0x3c000000, 0x3c000000)
   the space 349568K,  71% used [0x26aa0000, 0x35dae2b8, 0x35dae400, 0x3c000000)
 compacting perm gen  total 102912K, used 102886K [0x3c000000, 0x42480000, 0x4c000000)
   the space 102912K,  99% used [0x3c000000, 0x42479b38, 0x42479c00, 0x42480000)
    ro space 10240K,  42% used [0x4c000000, 0x4c4350e0, 0x4c435200, 0x4ca00000)
    rw space 12288K,  51% used [0x4ca00000, 0x4d03ae78, 0x4d03b000, 0x4d600000)
Event: 16607.001 GC heap after
Heap after GC invocations=232 (full 38):
 def new generation   total 157248K, used 17472K [0x1c000000, 0x26aa0000, 0x26aa0000)
  eden space 139776K,   0% used [0x1c000000, 0x1c000000, 0x24880000)
  from space 17472K, 100% used [0x25990000, 0x26aa0000, 0x26aa0000)
  to   space 17472K,   0% used [0x24880000, 0x24880000, 0x25990000)
 tenured generation   total 349568K, used 269074K [0x26aa0000, 0x3c000000, 0x3c000000)
   the space 349568K,  76% used [0x26aa0000, 0x37164ae8, 0x37164c00, 0x3c000000)
 compacting perm gen  total 102912K, used 102886K [0x3c000000, 0x42480000, 0x4c000000)
   the space 102912K,  99% used [0x3c000000, 0x42479b38, 0x42479c00, 0x42480000)
    ro space 10240K,  42% used [0x4c000000, 0x4c4350e0, 0x4c435200, 0x4ca00000)
    rw space 12288K,  51% used [0x4ca00000, 0x4d03ae78, 0x4d03b000, 0x4d600000)
}
Event: 16685.066 GC heap before
{Heap before GC invocations=232 (full 38):
 def new generation   total 157248K, used 157248K [0x1c000000, 0x26aa0000, 0x26aa0000)
  eden space 139776K, 100% used [0x1c000000, 0x24880000, 0x24880000)
  from space 17472K, 100% used [0x25990000, 0x26aa0000, 0x26aa0000)
  to   space 17472K,   0% used [0x24880000, 0x24880000, 0x25990000)
 tenured generation   total 349568K, used 269074K [0x26aa0000, 0x3c000000, 0x3c000000)
   the space 349568K,  76% used [0x26aa0000, 0x37164ae8, 0x37164c00, 0x3c000000)
 compacting perm gen  total 102912K, used 102886K [0x3c000000, 0x42480000, 0x4c000000)
   the space 102912K,  99% used [0x3c000000, 0x42479b38, 0x42479c00, 0x42480000)
    ro space 10240K,  42% used [0x4c000000, 0x4c4350e0, 0x4c435200, 0x4ca00000)
    rw space 12288K,  51% used [0x4ca00000, 0x4d03ae78, 0x4d03b000, 0x4d600000)
Event: 16685.145 GC heap after
Heap after GC invocations=233 (full 38):
 def new generation   total 157248K, used 17472K [0x1c000000, 0x26aa0000, 0x26aa0000)
  eden space 139776K,   0% used [0x1c000000, 0x1c000000, 0x24880000)
  from space 17472K, 100% used [0x24880000, 0x25990000, 0x25990000)
  to   space 17472K,   0% used [0x25990000, 0x25990000, 0x26aa0000)
 tenured generation   total 349568K, used 292547K [0x26aa0000, 0x3c000000, 0x3c000000)
   the space 349568K,  83% used [0x26aa0000, 0x38850df8, 0x38850e00, 0x3c000000)
 compacting perm gen  total 102912K, used 102886K [0x3c000000, 0x42480000, 0x4c000000)
   the space 102912K,  99% used [0x3c000000, 0x42479b38, 0x42479c00, 0x42480000)
    ro space 10240K,  42% used [0x4c000000, 0x4c4350e0, 0x4c435200, 0x4ca00000)
    rw space 12288K,  51% used [0x4ca00000, 0x4d03ae78, 0x4d03b000, 0x4d600000)
}
Event: 16766.313 GC heap before
{Heap before GC invocations=233 (full 38):
 def new generation   total 157248K, used 157248K [0x1c000000, 0x26aa0000, 0x26aa0000)
  eden space 139776K, 100% used [0x1c000000, 0x24880000, 0x24880000)
  from space 17472K, 100% used [0x24880000, 0x25990000, 0x25990000)
  to   space 17472K,   0% used [0x25990000, 0x25990000, 0x26aa0000)
 tenured generation   total 349568K, used 292547K [0x26aa0000, 0x3c000000, 0x3c000000)
   the space 349568K,  83% used [0x26aa0000, 0x38850df8, 0x38850e00, 0x3c000000)
 compacting perm gen  total 102912K, used 102886K [0x3c000000, 0x42480000, 0x4c000000)
   the space 102912K,  99% used [0x3c000000, 0x42479b38, 0x42479c00, 0x42480000)
    ro space 10240K,  42% used [0x4c000000, 0x4c4350e0, 0x4c435200, 0x4ca00000)
    rw space 12288K,  51% used [0x4ca00000, 0x4d03ae78, 0x4d03b000, 0x4d600000)
Event: 16766.399 GC heap after
Heap after GC invocations=234 (full 38):
 def new generation   total 157248K, used 17471K [0x1c000000, 0x26aa0000, 0x26aa0000)
  eden space 139776K,   0% used [0x1c000000, 0x1c000000, 0x24880000)
  from space 17472K,  99% used [0x25990000, 0x26a9fff8, 0x26aa0000)
  to   space 17472K,   0% used [0x24880000, 0x24880000, 0x25990000)
 tenured generation   total 349568K, used 313003K [0x26aa0000, 0x3c000000, 0x3c000000)
   the space 349568K,  89% used [0x26aa0000, 0x39c4ac18, 0x39c4ae00, 0x3c000000)
 compacting perm gen  total 102912K, used 102886K [0x3c000000, 0x42480000, 0x4c000000)
   the space 102912K,  99% used [0x3c000000, 0x42479b38, 0x42479c00, 0x42480000)
    ro space 10240K,  42% used [0x4c000000, 0x4c4350e0, 0x4c435200, 0x4ca00000)
    rw space 12288K,  51% used [0x4ca00000, 0x4d03ae78, 0x4d03b000, 0x4d600000)
}
Event: 16789.421 GC heap before
{Heap before GC invocations=234 (full 38):
 def new generation   total 157248K, used 157247K [0x1c000000, 0x26aa0000, 0x26aa0000)
  eden space 139776K, 100% used [0x1c000000, 0x24880000, 0x24880000)
  from space 17472K,  99% used [0x25990000, 0x26a9fff8, 0x26aa0000)
  to   space 17472K,   0% used [0x24880000, 0x24880000, 0x25990000)
 tenured generation   total 349568K, used 313003K [0x26aa0000, 0x3c000000, 0x3c000000)
   the space 349568K,  89% used [0x26aa0000, 0x39c4ac18, 0x39c4ae00, 0x3c000000)
 compacting perm gen  total 102912K, used 102891K [0x3c000000, 0x42480000, 0x4c000000)
   the space 102912K,  99% used [0x3c000000, 0x4247af80, 0x4247b000, 0x42480000)
    ro space 10240K,  42% used [0x4c000000, 0x4c4350e0, 0x4c435200, 0x4ca00000)
    rw space 12288K,  51% used [0x4ca00000, 0x4d03ae78, 0x4d03b000, 0x4d600000)
Event: 16790.010 GC heap after
Heap after GC invocations=235 (full 39):
 def new generation   total 157248K, used 0K [0x1c000000, 0x26aa0000, 0x26aa0000)
  eden space 139776K,   0% used [0x1c000000, 0x1c000000, 0x24880000)
  from space 17472K,   0% used [0x25990000, 0x25990000, 0x26aa0000)
  to   space 17472K,   0% used [0x24880000, 0x24880000, 0x25990000)
 tenured generation   total 349568K, used 214061K [0x26aa0000, 0x3c000000, 0x3c000000)
   the space 349568K,  61% used [0x26aa0000, 0x33bab460, 0x33bab600, 0x3c000000)
 compacting perm gen  total 102912K, used 102891K [0x3c000000, 0x42480000, 0x4c000000)
   the space 102912K,  99% used [0x3c000000, 0x4247af80, 0x4247b000, 0x42480000)
    ro space 10240K,  42% used [0x4c000000, 0x4c4350e0, 0x4c435200, 0x4ca00000)
    rw space 12288K,  51% used [0x4ca00000, 0x4d03ae78, 0x4d03b000, 0x4d600000)
}
Event: 17252.792 GC heap before
{Heap before GC invocations=235 (full 39):
 def new generation   total 157248K, used 139776K [0x1c000000, 0x26aa0000, 0x26aa0000)
  eden space 139776K, 100% used [0x1c000000, 0x24880000, 0x24880000)
  from space 17472K,   0% used [0x25990000, 0x25990000, 0x26aa0000)
  to   space 17472K,   0% used [0x24880000, 0x24880000, 0x25990000)
 tenured generation   total 349568K, used 214061K [0x26aa0000, 0x3c000000, 0x3c000000)
   the space 349568K,  61% used [0x26aa0000, 0x33bab460, 0x33bab600, 0x3c000000)
 compacting perm gen  total 102912K, used 102891K [0x3c000000, 0x42480000, 0x4c000000)
   the space 102912K,  99% used [0x3c000000, 0x4247af80, 0x4247b000, 0x42480000)
    ro space 10240K,  42% used [0x4c000000, 0x4c4350e0, 0x4c435200, 0x4ca00000)
    rw space 12288K,  51% used [0x4ca00000, 0x4d03ae78, 0x4d03b000, 0x4d600000)
Event: 17252.817 GC heap after
Heap after GC invocations=236 (full 39):
 def new generation   total 157248K, used 11037K [0x1c000000, 0x26aa0000, 0x26aa0000)
  eden space 139776K,   0% used [0x1c000000, 0x1c000000, 0x24880000)
  from space 17472K,  63% used [0x24880000, 0x25347790, 0x25990000)
  to   space 17472K,   0% used [0x25990000, 0x25990000, 0x26aa0000)
 tenured generation   total 349568K, used 214061K [0x26aa0000, 0x3c000000, 0x3c000000)
   the space 349568K,  61% used [0x26aa0000, 0x33bab460, 0x33bab600, 0x3c000000)
 compacting perm gen  total 102912K, used 102891K [0x3c000000, 0x42480000, 0x4c000000)
   the space 102912K,  99% used [0x3c000000, 0x4247af80, 0x4247b000, 0x42480000)
    ro space 10240K,  42% used [0x4c000000, 0x4c4350e0, 0x4c435200, 0x4ca00000)
    rw space 12288K,  51% used [0x4ca00000, 0x4d03ae78, 0x4d03b000, 0x4d600000)
}

