# JRE version: Java(TM) SE Runtime Environment (7.0_72-b14) (build 1.7.0_72-b14)
# Java VM: Java HotSpot(TM) Client VM (24.72-b04 mixed mode, sharing windows-x86 )
Heap
 def new generation   total 84928K, used 40835K [0x1c000000, 0x21c20000, 0x26aa0000)
  eden space 75520K,  53% used [0x1c000000, 0x1e739228, 0x209c0000)
  from space 9408K,   7% used [0x212f0000, 0x21397b48, 0x21c20000)
  to   space 9408K,   0% used [0x209c0000, 0x209c0000, 0x212f0000)
 tenured generation   total 188512K, used 174475K [0x26aa0000, 0x322b8000, 0x3c000000)
   the space 188512K,  92% used [0x26aa0000, 0x31502d68, 0x31502e00, 0x322b8000)
 compacting perm gen  total 98304K, used 98050K [0x3c000000, 0x42000000, 0x4c000000)
   the space 98304K,  99% used [0x3c000000, 0x41fc0a80, 0x41fc0c00, 0x42000000)
    ro space 10240K,  42% used [0x4c000000, 0x4c4350e0, 0x4c435200, 0x4ca00000)
    rw space 12288K,  51% used [0x4ca00000, 0x4d03ae78, 0x4d03b000, 0x4d600000)
GC Heap History (10 events):
Event: 956289.550 GC heap before
{Heap before GC invocations=1462 (full 21):
 def new generation   total 84928K, used 76191K [0x1c000000, 0x21c20000, 0x26aa0000)
  eden space 75520K, 100% used [0x1c000000, 0x209c0000, 0x209c0000)
  from space 9408K,   7% used [0x209c0000, 0x20a67d68, 0x212f0000)
  to   space 9408K,   0% used [0x212f0000, 0x212f0000, 0x21c20000)
 tenured generation   total 188512K, used 174474K [0x26aa0000, 0x322b8000, 0x3c000000)
   the space 188512K,  92% used [0x26aa0000, 0x315028e0, 0x31502a00, 0x322b8000)
 compacting perm gen  total 98304K, used 98050K [0x3c000000, 0x42000000, 0x4c000000)
   the space 98304K,  99% used [0x3c000000, 0x41fc0a80, 0x41fc0c00, 0x42000000)
    ro space 10240K,  42% used [0x4c000000, 0x4c4350e0, 0x4c435200, 0x4ca00000)
    rw space 12288K,  51% used [0x4ca00000, 0x4d03ae78, 0x4d03b000, 0x4d600000)
Event: 956289.558 GC heap after
Heap after GC invocations=1463 (full 21):
 def new generation   total 84928K, used 1568K [0x1c000000, 0x21c20000, 0x26aa0000)
  eden space 75520K,   0% used [0x1c000000, 0x1c000000, 0x209c0000)
  from space 9408K,  16% used [0x212f0000, 0x21478130, 0x21c20000)
  to   space 9408K,   0% used [0x209c0000, 0x209c0000, 0x212f0000)
 tenured generation   total 188512K, used 174474K [0x26aa0000, 0x322b8000, 0x3c000000)
   the space 188512K,  92% used [0x26aa0000, 0x31502a90, 0x31502c00, 0x322b8000)
 compacting perm gen  total 98304K, used 98050K [0x3c000000, 0x42000000, 0x4c000000)
   the space 98304K,  99% used [0x3c000000, 0x41fc0a80, 0x41fc0c00, 0x42000000)
    ro space 10240K,  42% used [0x4c000000, 0x4c4350e0, 0x4c435200, 0x4ca00000)
    rw space 12288K,  51% used [0x4ca00000, 0x4d03ae78, 0x4d03b000, 0x4d600000)
}
Event: 956989.985 GC heap before
{Heap before GC invocations=1463 (full 21):
 def new generation   total 84928K, used 77088K [0x1c000000, 0x21c20000, 0x26aa0000)
  eden space 75520K, 100% used [0x1c000000, 0x209c0000, 0x209c0000)
  from space 9408K,  16% used [0x212f0000, 0x21478130, 0x21c20000)
  to   space 9408K,   0% used [0x209c0000, 0x209c0000, 0x212f0000)
 tenured generation   total 188512K, used 174474K [0x26aa0000, 0x322b8000, 0x3c000000)
   the space 188512K,  92% used [0x26aa0000, 0x31502a90, 0x31502c00, 0x322b8000)
 compacting perm gen  total 98304K, used 98050K [0x3c000000, 0x42000000, 0x4c000000)
   the space 98304K,  99% used [0x3c000000, 0x41fc0a80, 0x41fc0c00, 0x42000000)
    ro space 10240K,  42% used [0x4c000000, 0x4c4350e0, 0x4c435200, 0x4ca00000)
    rw space 12288K,  51% used [0x4ca00000, 0x4d03ae78, 0x4d03b000, 0x4d600000)
Event: 956989.991 GC heap after
Heap after GC invocations=1464 (full 21):
 def new generation   total 84928K, used 807K [0x1c000000, 0x21c20000, 0x26aa0000)
  eden space 75520K,   0% used [0x1c000000, 0x1c000000, 0x209c0000)
  from space 9408K,   8% used [0x209c0000, 0x20a89d80, 0x212f0000)
  to   space 9408K,   0% used [0x212f0000, 0x212f0000, 0x21c20000)
 tenured generation   total 188512K, used 174474K [0x26aa0000, 0x322b8000, 0x3c000000)
   the space 188512K,  92% used [0x26aa0000, 0x31502a90, 0x31502c00, 0x322b8000)
 compacting perm gen  total 98304K, used 98050K [0x3c000000, 0x42000000, 0x4c000000)
   the space 98304K,  99% used [0x3c000000, 0x41fc0a80, 0x41fc0c00, 0x42000000)
    ro space 10240K,  42% used [0x4c000000, 0x4c4350e0, 0x4c435200, 0x4ca00000)
    rw space 12288K,  51% used [0x4ca00000, 0x4d03ae78, 0x4d03b000, 0x4d600000)
}
Event: 957745.922 GC heap before
{Heap before GC invocations=1464 (full 21):
 def new generation   total 84928K, used 76327K [0x1c000000, 0x21c20000, 0x26aa0000)
  eden space 75520K, 100% used [0x1c000000, 0x209c0000, 0x209c0000)
  from space 9408K,   8% used [0x209c0000, 0x20a89d80, 0x212f0000)
  to   space 9408K,   0% used [0x212f0000, 0x212f0000, 0x21c20000)
 tenured generation   total 188512K, used 174474K [0x26aa0000, 0x322b8000, 0x3c000000)
   the space 188512K,  92% used [0x26aa0000, 0x31502a90, 0x31502c00, 0x322b8000)
 compacting perm gen  total 98304K, used 98050K [0x3c000000, 0x42000000, 0x4c000000)
   the space 98304K,  99% used [0x3c000000, 0x41fc0a80, 0x41fc0c00, 0x42000000)
    ro space 10240K,  42% used [0x4c000000, 0x4c4350e0, 0x4c435200, 0x4ca00000)
    rw space 12288K,  51% used [0x4ca00000, 0x4d03ae78, 0x4d03b000, 0x4d600000)
Event: 957745.928 GC heap after
Heap after GC invocations=1465 (full 21):
 def new generation   total 84928K, used 671K [0x1c000000, 0x21c20000, 0x26aa0000)
  eden space 75520K,   0% used [0x1c000000, 0x1c000000, 0x209c0000)
  from space 9408K,   7% used [0x212f0000, 0x21397d90, 0x21c20000)
  to   space 9408K,   0% used [0x209c0000, 0x209c0000, 0x212f0000)
 tenured generation   total 188512K, used 174474K [0x26aa0000, 0x322b8000, 0x3c000000)
   the space 188512K,  92% used [0x26aa0000, 0x31502a90, 0x31502c00, 0x322b8000)
 compacting perm gen  total 98304K, used 98050K [0x3c000000, 0x42000000, 0x4c000000)
   the space 98304K,  99% used [0x3c000000, 0x41fc0a80, 0x41fc0c00, 0x42000000)
    ro space 10240K,  42% used [0x4c000000, 0x4c4350e0, 0x4c435200, 0x4ca00000)
    rw space 12288K,  51% used [0x4ca00000, 0x4d03ae78, 0x4d03b000, 0x4d600000)
}
Event: 958420.926 GC heap before
{Heap before GC invocations=1465 (full 21):
 def new generation   total 84928K, used 76191K [0x1c000000, 0x21c20000, 0x26aa0000)
  eden space 75520K, 100% used [0x1c000000, 0x209c0000, 0x209c0000)
  from space 9408K,   7% used [0x212f0000, 0x21397d90, 0x21c20000)
  to   space 9408K,   0% used [0x209c0000, 0x209c0000, 0x212f0000)
 tenured generation   total 188512K, used 174474K [0x26aa0000, 0x322b8000, 0x3c000000)
   the space 188512K,  92% used [0x26aa0000, 0x31502a90, 0x31502c00, 0x322b8000)
 compacting perm gen  total 98304K, used 98050K [0x3c000000, 0x42000000, 0x4c000000)
   the space 98304K,  99% used [0x3c000000, 0x41fc0a80, 0x41fc0c00, 0x42000000)
    ro space 10240K,  42% used [0x4c000000, 0x4c4350e0, 0x4c435200, 0x4ca00000)
    rw space 12288K,  51% used [0x4ca00000, 0x4d03ae78, 0x4d03b000, 0x4d600000)
Event: 958420.932 GC heap after
Heap after GC invocations=1466 (full 21):
 def new generation   total 84928K, used 807K [0x1c000000, 0x21c20000, 0x26aa0000)
  eden space 75520K,   0% used [0x1c000000, 0x1c000000, 0x209c0000)
  from space 9408K,   8% used [0x209c0000, 0x20a89e50, 0x212f0000)
  to   space 9408K,   0% used [0x212f0000, 0x212f0000, 0x21c20000)
 tenured generation   total 188512K, used 174474K [0x26aa0000, 0x322b8000, 0x3c000000)
   the space 188512K,  92% used [0x26aa0000, 0x31502bb8, 0x31502c00, 0x322b8000)
 compacting perm gen  total 98304K, used 98050K [0x3c000000, 0x42000000, 0x4c000000)
   the space 98304K,  99% used [0x3c000000, 0x41fc0a80, 0x41fc0c00, 0x42000000)
    ro space 10240K,  42% used [0x4c000000, 0x4c4350e0, 0x4c435200, 0x4ca00000)
    rw space 12288K,  51% used [0x4ca00000, 0x4d03ae78, 0x4d03b000, 0x4d600000)
}
Event: 959183.027 GC heap before
{Heap before GC invocations=1466 (full 21):
 def new generation   total 84928K, used 76327K [0x1c000000, 0x21c20000, 0x26aa0000)
  eden space 75520K, 100% used [0x1c000000, 0x209c0000, 0x209c0000)
  from space 9408K,   8% used [0x209c0000, 0x20a89e50, 0x212f0000)
  to   space 9408K,   0% used [0x212f0000, 0x212f0000, 0x21c20000)
 tenured generation   total 188512K, used 174474K [0x26aa0000, 0x322b8000, 0x3c000000)
   the space 188512K,  92% used [0x26aa0000, 0x31502bb8, 0x31502c00, 0x322b8000)
 compacting perm gen  total 98304K, used 98050K [0x3c000000, 0x42000000, 0x4c000000)
   the space 98304K,  99% used [0x3c000000, 0x41fc0a80, 0x41fc0c00, 0x42000000)
    ro space 10240K,  42% used [0x4c000000, 0x4c4350e0, 0x4c435200, 0x4ca00000)
    rw space 12288K,  51% used [0x4ca00000, 0x4d03ae78, 0x4d03b000, 0x4d600000)
Event: 959183.035 GC heap after
Heap after GC invocations=1467 (full 21):
 def new generation   total 84928K, used 670K [0x1c000000, 0x21c20000, 0x26aa0000)
  eden space 75520K,   0% used [0x1c000000, 0x1c000000, 0x209c0000)
  from space 9408K,   7% used [0x212f0000, 0x21397b48, 0x21c20000)
  to   space 9408K,   0% used [0x209c0000, 0x209c0000, 0x212f0000)
 tenured generation   total 188512K, used 174475K [0x26aa0000, 0x322b8000, 0x3c000000)
   the space 188512K,  92% used [0x26aa0000, 0x31502d68, 0x31502e00, 0x322b8000)
 compacting perm gen  total 98304K, used 98050K [0x3c000000, 0x42000000, 0x4c000000)
   the space 98304K,  99% used [0x3c000000, 0x41fc0a80, 0x41fc0c00, 0x42000000)
    ro space 10240K,  42% used [0x4c000000, 0x4c4350e0, 0x4c435200, 0x4ca00000)
    rw space 12288K,  51% used [0x4ca00000, 0x4d03ae78, 0x4d03b000, 0x4d600000)
}

