# JRE version: Java(TM) SE Runtime Environment (7.0_72-b14) (build 1.7.0_72-b14)
# Java VM: Java HotSpot(TM) Client VM (24.72-b04 mixed mode, sharing windows-x86 )
Heap
 def new generation   total 82880K, used 65939K [0x1c000000, 0x219e0000, 0x26aa0000)
  eden space 73728K,  85% used [0x1c000000, 0x1fd62938, 0x20800000)
  from space 9152K,  33% used [0x210f0000, 0x213f24a0, 0x219e0000)
  to   space 9152K,   0% used [0x20800000, 0x20800000, 0x210f0000)
 tenured generation   total 183928K, used 121869K [0x26aa0000, 0x31e3e000, 0x3c000000)
   the space 183928K,  66% used [0x26aa0000, 0x2e1a3558, 0x2e1a3600, 0x31e3e000)
 compacting perm gen  total 98816K, used 98718K [0x3c000000, 0x42080000, 0x4c000000)
   the space 98816K,  99% used [0x3c000000, 0x42067bc8, 0x42067c00, 0x42080000)
    ro space 10240K,  42% used [0x4c000000, 0x4c4350e0, 0x4c435200, 0x4ca00000)
    rw space 12288K,  51% used [0x4ca00000, 0x4d03ae78, 0x4d03b000, 0x4d600000)
GC Heap History (10 events):
Event: 17094.596 GC heap before
{Heap before GC invocations=150 (full 24):
 def new generation   total 82880K, used 77122K [0x1c000000, 0x219e0000, 0x26aa0000)
  eden space 73728K, 100% used [0x1c000000, 0x20800000, 0x20800000)
  from space 9152K,  37% used [0x20800000, 0x20b50bd8, 0x210f0000)
  to   space 9152K,   0% used [0x210f0000, 0x210f0000, 0x219e0000)
 tenured generation   total 183928K, used 121848K [0x26aa0000, 0x31e3e000, 0x3c000000)
   the space 183928K,  66% used [0x26aa0000, 0x2e19e398, 0x2e19e400, 0x31e3e000)
 compacting perm gen  total 98816K, used 98674K [0x3c000000, 0x42080000, 0x4c000000)
   the space 98816K,  99% used [0x3c000000, 0x4205c968, 0x4205ca00, 0x42080000)
    ro space 10240K,  42% used [0x4c000000, 0x4c4350e0, 0x4c435200, 0x4ca00000)
    rw space 12288K,  51% used [0x4ca00000, 0x4d03ae78, 0x4d03b000, 0x4d600000)
Event: 17094.700 GC heap after
Heap after GC invocations=151 (full 24):
 def new generation   total 82880K, used 3312K [0x1c000000, 0x219e0000, 0x26aa0000)
  eden space 73728K,   0% used [0x1c000000, 0x1c000000, 0x20800000)
  from space 9152K,  36% used [0x210f0000, 0x2142c1f8, 0x219e0000)
  to   space 9152K,   0% used [0x20800000, 0x20800000, 0x210f0000)
 tenured generation   total 183928K, used 121851K [0x26aa0000, 0x31e3e000, 0x3c000000)
   the space 183928K,  66% used [0x26aa0000, 0x2e19ee68, 0x2e19f000, 0x31e3e000)
 compacting perm gen  total 98816K, used 98674K [0x3c000000, 0x42080000, 0x4c000000)
   the space 98816K,  99% used [0x3c000000, 0x4205c968, 0x4205ca00, 0x42080000)
    ro space 10240K,  42% used [0x4c000000, 0x4c4350e0, 0x4c435200, 0x4ca00000)
    rw space 12288K,  51% used [0x4ca00000, 0x4d03ae78, 0x4d03b000, 0x4d600000)
}
Event: 17495.079 GC heap before
{Heap before GC invocations=151 (full 24):
 def new generation   total 82880K, used 77040K [0x1c000000, 0x219e0000, 0x26aa0000)
  eden space 73728K, 100% used [0x1c000000, 0x20800000, 0x20800000)
  from space 9152K,  36% used [0x210f0000, 0x2142c1f8, 0x219e0000)
  to   space 9152K,   0% used [0x20800000, 0x20800000, 0x210f0000)
 tenured generation   total 183928K, used 121851K [0x26aa0000, 0x31e3e000, 0x3c000000)
   the space 183928K,  66% used [0x26aa0000, 0x2e19ee68, 0x2e19f000, 0x31e3e000)
 compacting perm gen  total 98816K, used 98718K [0x3c000000, 0x42080000, 0x4c000000)
   the space 98816K,  99% used [0x3c000000, 0x42067a18, 0x42067c00, 0x42080000)
    ro space 10240K,  42% used [0x4c000000, 0x4c4350e0, 0x4c435200, 0x4ca00000)
    rw space 12288K,  51% used [0x4ca00000, 0x4d03ae78, 0x4d03b000, 0x4d600000)
Event: 17495.163 GC heap after
Heap after GC invocations=152 (full 24):
 def new generation   total 82880K, used 3998K [0x1c000000, 0x219e0000, 0x26aa0000)
  eden space 73728K,   0% used [0x1c000000, 0x1c000000, 0x20800000)
  from space 9152K,  43% used [0x20800000, 0x20be7bb8, 0x210f0000)
  to   space 9152K,   0% used [0x210f0000, 0x210f0000, 0x219e0000)
 tenured generation   total 183928K, used 121869K [0x26aa0000, 0x31e3e000, 0x3c000000)
   the space 183928K,  66% used [0x26aa0000, 0x2e1a34a8, 0x2e1a3600, 0x31e3e000)
 compacting perm gen  total 98816K, used 98718K [0x3c000000, 0x42080000, 0x4c000000)
   the space 98816K,  99% used [0x3c000000, 0x42067a18, 0x42067c00, 0x42080000)
    ro space 10240K,  42% used [0x4c000000, 0x4c4350e0, 0x4c435200, 0x4ca00000)
    rw space 12288K,  51% used [0x4ca00000, 0x4d03ae78, 0x4d03b000, 0x4d600000)
}
Event: 18187.324 GC heap before
{Heap before GC invocations=152 (full 24):
 def new generation   total 82880K, used 77726K [0x1c000000, 0x219e0000, 0x26aa0000)
  eden space 73728K, 100% used [0x1c000000, 0x20800000, 0x20800000)
  from space 9152K,  43% used [0x20800000, 0x20be7bb8, 0x210f0000)
  to   space 9152K,   0% used [0x210f0000, 0x210f0000, 0x219e0000)
 tenured generation   total 183928K, used 121869K [0x26aa0000, 0x31e3e000, 0x3c000000)
   the space 183928K,  66% used [0x26aa0000, 0x2e1a34a8, 0x2e1a3600, 0x31e3e000)
 compacting perm gen  total 98816K, used 98718K [0x3c000000, 0x42080000, 0x4c000000)
   the space 98816K,  99% used [0x3c000000, 0x42067a58, 0x42067c00, 0x42080000)
    ro space 10240K,  42% used [0x4c000000, 0x4c4350e0, 0x4c435200, 0x4ca00000)
    rw space 12288K,  51% used [0x4ca00000, 0x4d03ae78, 0x4d03b000, 0x4d600000)
Event: 18187.377 GC heap after
Heap after GC invocations=153 (full 24):
 def new generation   total 82880K, used 3022K [0x1c000000, 0x219e0000, 0x26aa0000)
  eden space 73728K,   0% used [0x1c000000, 0x1c000000, 0x20800000)
  from space 9152K,  33% used [0x210f0000, 0x213e3918, 0x219e0000)
  to   space 9152K,   0% used [0x20800000, 0x20800000, 0x210f0000)
 tenured generation   total 183928K, used 121869K [0x26aa0000, 0x31e3e000, 0x3c000000)
   the space 183928K,  66% used [0x26aa0000, 0x2e1a34a8, 0x2e1a3600, 0x31e3e000)
 compacting perm gen  total 98816K, used 98718K [0x3c000000, 0x42080000, 0x4c000000)
   the space 98816K,  99% used [0x3c000000, 0x42067a58, 0x42067c00, 0x42080000)
    ro space 10240K,  42% used [0x4c000000, 0x4c4350e0, 0x4c435200, 0x4ca00000)
    rw space 12288K,  51% used [0x4ca00000, 0x4d03ae78, 0x4d03b000, 0x4d600000)
}
Event: 18471.002 GC heap before
{Heap before GC invocations=153 (full 24):
 def new generation   total 82880K, used 76750K [0x1c000000, 0x219e0000, 0x26aa0000)
  eden space 73728K, 100% used [0x1c000000, 0x20800000, 0x20800000)
  from space 9152K,  33% used [0x210f0000, 0x213e3918, 0x219e0000)
  to   space 9152K,   0% used [0x20800000, 0x20800000, 0x210f0000)
 tenured generation   total 183928K, used 121869K [0x26aa0000, 0x31e3e000, 0x3c000000)
   the space 183928K,  66% used [0x26aa0000, 0x2e1a34a8, 0x2e1a3600, 0x31e3e000)
 compacting perm gen  total 98816K, used 98718K [0x3c000000, 0x42080000, 0x4c000000)
   the space 98816K,  99% used [0x3c000000, 0x42067a58, 0x42067c00, 0x42080000)
    ro space 10240K,  42% used [0x4c000000, 0x4c4350e0, 0x4c435200, 0x4ca00000)
    rw space 12288K,  51% used [0x4ca00000, 0x4d03ae78, 0x4d03b000, 0x4d600000)
Event: 18471.040 GC heap after
Heap after GC invocations=154 (full 24):
 def new generation   total 82880K, used 2906K [0x1c000000, 0x219e0000, 0x26aa0000)
  eden space 73728K,   0% used [0x1c000000, 0x1c000000, 0x20800000)
  from space 9152K,  31% used [0x20800000, 0x20ad6a40, 0x210f0000)
  to   space 9152K,   0% used [0x210f0000, 0x210f0000, 0x219e0000)
 tenured generation   total 183928K, used 121869K [0x26aa0000, 0x31e3e000, 0x3c000000)
   the space 183928K,  66% used [0x26aa0000, 0x2e1a34a8, 0x2e1a3600, 0x31e3e000)
 compacting perm gen  total 98816K, used 98718K [0x3c000000, 0x42080000, 0x4c000000)
   the space 98816K,  99% used [0x3c000000, 0x42067a58, 0x42067c00, 0x42080000)
    ro space 10240K,  42% used [0x4c000000, 0x4c4350e0, 0x4c435200, 0x4ca00000)
    rw space 12288K,  51% used [0x4ca00000, 0x4d03ae78, 0x4d03b000, 0x4d600000)
}
Event: 18493.234 GC heap before
{Heap before GC invocations=154 (full 24):
 def new generation   total 82880K, used 76634K [0x1c000000, 0x219e0000, 0x26aa0000)
  eden space 73728K, 100% used [0x1c000000, 0x20800000, 0x20800000)
  from space 9152K,  31% used [0x20800000, 0x20ad6a40, 0x210f0000)
  to   space 9152K,   0% used [0x210f0000, 0x210f0000, 0x219e0000)
 tenured generation   total 183928K, used 121869K [0x26aa0000, 0x31e3e000, 0x3c000000)
   the space 183928K,  66% used [0x26aa0000, 0x2e1a34a8, 0x2e1a3600, 0x31e3e000)
 compacting perm gen  total 98816K, used 98718K [0x3c000000, 0x42080000, 0x4c000000)
   the space 98816K,  99% used [0x3c000000, 0x42067b18, 0x42067c00, 0x42080000)
    ro space 10240K,  42% used [0x4c000000, 0x4c4350e0, 0x4c435200, 0x4ca00000)
    rw space 12288K,  51% used [0x4ca00000, 0x4d03ae78, 0x4d03b000, 0x4d600000)
Event: 18493.560 GC heap after
Heap after GC invocations=155 (full 24):
 def new generation   total 82880K, used 3081K [0x1c000000, 0x219e0000, 0x26aa0000)
  eden space 73728K,   0% used [0x1c000000, 0x1c000000, 0x20800000)
  from space 9152K,  33% used [0x210f0000, 0x213f24a0, 0x219e0000)
  to   space 9152K,   0% used [0x20800000, 0x20800000, 0x210f0000)
 tenured generation   total 183928K, used 121869K [0x26aa0000, 0x31e3e000, 0x3c000000)
   the space 183928K,  66% used [0x26aa0000, 0x2e1a3558, 0x2e1a3600, 0x31e3e000)
 compacting perm gen  total 98816K, used 98718K [0x3c000000, 0x42080000, 0x4c000000)
   the space 98816K,  99% used [0x3c000000, 0x42067b18, 0x42067c00, 0x42080000)
    ro space 10240K,  42% used [0x4c000000, 0x4c4350e0, 0x4c435200, 0x4ca00000)
    rw space 12288K,  51% used [0x4ca00000, 0x4d03ae78, 0x4d03b000, 0x4d600000)
}

