# JRE version: Java(TM) SE Runtime Environment (7.0_72-b14) (build 1.7.0_72-b14)
# Java VM: Java HotSpot(TM) Client VM (24.72-b04 mixed mode, sharing windows-x86 )
Heap
 def new generation   total 71552K, used 2321K [0x1c000000, 0x20da0000, 0x26aa0000)
  eden space 63616K,   3% used [0x1c000000, 0x1c244690, 0x1fe20000)
  from space 7936K,   0% used [0x1fe20000, 0x1fe20000, 0x205e0000)
  to   space 7936K,   0% used [0x205e0000, 0x205e0000, 0x20da0000)
 tenured generation   total 158880K, used 85896K [0x26aa0000, 0x305c8000, 0x3c000000)
   the space 158880K,  54% used [0x26aa0000, 0x2be82320, 0x2be82400, 0x305c8000)
 compacting perm gen  total 81920K, used 81827K [0x3c000000, 0x41000000, 0x4c000000)
   the space 81920K,  99% used [0x3c000000, 0x40fe8eb0, 0x40fe9000, 0x41000000)
    ro space 10240K,  42% used [0x4c000000, 0x4c4350e0, 0x4c435200, 0x4ca00000)
    rw space 12288K,  51% used [0x4ca00000, 0x4d03ae78, 0x4d03b000, 0x4d600000)
GC Heap History (10 events):
Event: 75218.657 GC heap before
{Heap before GC invocations=1334 (full 1265):
 def new generation   total 71552K, used 3240K [0x1c000000, 0x20da0000, 0x26aa0000)
  eden space 63616K,   5% used [0x1c000000, 0x1c32a380, 0x1fe20000)
  from space 7936K,   0% used [0x1fe20000, 0x1fe20000, 0x205e0000)
  to   space 7936K,   0% used [0x205e0000, 0x205e0000, 0x20da0000)
 tenured generation   total 158880K, used 85685K [0x26aa0000, 0x305c8000, 0x3c000000)
   the space 158880K,  53% used [0x26aa0000, 0x2be4d628, 0x2be4d800, 0x305c8000)
 compacting perm gen  total 81920K, used 81827K [0x3c000000, 0x41000000, 0x4c000000)
   the space 81920K,  99% used [0x3c000000, 0x40fe8eb0, 0x40fe9000, 0x41000000)
    ro space 10240K,  42% used [0x4c000000, 0x4c4350e0, 0x4c435200, 0x4ca00000)
    rw space 12288K,  51% used [0x4ca00000, 0x4d03ae78, 0x4d03b000, 0x4d600000)
Event: 75218.930 GC heap after
Heap after GC invocations=1335 (full 1266):
 def new generation   total 71552K, used 0K [0x1c000000, 0x20da0000, 0x26aa0000)
  eden space 63616K,   0% used [0x1c000000, 0x1c000000, 0x1fe20000)
  from space 7936K,   0% used [0x1fe20000, 0x1fe20000, 0x205e0000)
  to   space 7936K,   0% used [0x205e0000, 0x205e0000, 0x20da0000)
 tenured generation   total 158880K, used 85686K [0x26aa0000, 0x305c8000, 0x3c000000)
   the space 158880K,  53% used [0x26aa0000, 0x2be4d860, 0x2be4da00, 0x305c8000)
 compacting perm gen  total 81920K, used 81827K [0x3c000000, 0x41000000, 0x4c000000)
   the space 81920K,  99% used [0x3c000000, 0x40fe8eb0, 0x40fe9000, 0x41000000)
    ro space 10240K,  42% used [0x4c000000, 0x4c4350e0, 0x4c435200, 0x4ca00000)
    rw space 12288K,  51% used [0x4ca00000, 0x4d03ae78, 0x4d03b000, 0x4d600000)
}
Event: 75278.669 GC heap before
{Heap before GC invocations=1335 (full 1266):
 def new generation   total 71552K, used 3240K [0x1c000000, 0x20da0000, 0x26aa0000)
  eden space 63616K,   5% used [0x1c000000, 0x1c32a380, 0x1fe20000)
  from space 7936K,   0% used [0x1fe20000, 0x1fe20000, 0x205e0000)
  to   space 7936K,   0% used [0x205e0000, 0x205e0000, 0x20da0000)
 tenured generation   total 158880K, used 85686K [0x26aa0000, 0x305c8000, 0x3c000000)
   the space 158880K,  53% used [0x26aa0000, 0x2be4d860, 0x2be4da00, 0x305c8000)
 compacting perm gen  total 81920K, used 81827K [0x3c000000, 0x41000000, 0x4c000000)
   the space 81920K,  99% used [0x3c000000, 0x40fe8eb0, 0x40fe9000, 0x41000000)
    ro space 10240K,  42% used [0x4c000000, 0x4c4350e0, 0x4c435200, 0x4ca00000)
    rw space 12288K,  51% used [0x4ca00000, 0x4d03ae78, 0x4d03b000, 0x4d600000)
Event: 75278.942 GC heap after
Heap after GC invocations=1336 (full 1267):
 def new generation   total 71552K, used 0K [0x1c000000, 0x20da0000, 0x26aa0000)
  eden space 63616K,   0% used [0x1c000000, 0x1c000000, 0x1fe20000)
  from space 7936K,   0% used [0x1fe20000, 0x1fe20000, 0x205e0000)
  to   space 7936K,   0% used [0x205e0000, 0x205e0000, 0x20da0000)
 tenured generation   total 158880K, used 85686K [0x26aa0000, 0x305c8000, 0x3c000000)
   the space 158880K,  53% used [0x26aa0000, 0x2be4da98, 0x2be4dc00, 0x305c8000)
 compacting perm gen  total 81920K, used 81827K [0x3c000000, 0x41000000, 0x4c000000)
   the space 81920K,  99% used [0x3c000000, 0x40fe8eb0, 0x40fe9000, 0x41000000)
    ro space 10240K,  42% used [0x4c000000, 0x4c4350e0, 0x4c435200, 0x4ca00000)
    rw space 12288K,  51% used [0x4ca00000, 0x4d03ae78, 0x4d03b000, 0x4d600000)
}
Event: 75338.680 GC heap before
{Heap before GC invocations=1336 (full 1267):
 def new generation   total 71552K, used 10532K [0x1c000000, 0x20da0000, 0x26aa0000)
  eden space 63616K,  16% used [0x1c000000, 0x1ca49200, 0x1fe20000)
  from space 7936K,   0% used [0x1fe20000, 0x1fe20000, 0x205e0000)
  to   space 7936K,   0% used [0x205e0000, 0x205e0000, 0x20da0000)
 tenured generation   total 158880K, used 85686K [0x26aa0000, 0x305c8000, 0x3c000000)
   the space 158880K,  53% used [0x26aa0000, 0x2be4da98, 0x2be4dc00, 0x305c8000)
 compacting perm gen  total 81920K, used 81827K [0x3c000000, 0x41000000, 0x4c000000)
   the space 81920K,  99% used [0x3c000000, 0x40fe8eb0, 0x40fe9000, 0x41000000)
    ro space 10240K,  42% used [0x4c000000, 0x4c4350e0, 0x4c435200, 0x4ca00000)
    rw space 12288K,  51% used [0x4ca00000, 0x4d03ae78, 0x4d03b000, 0x4d600000)
Event: 75338.956 GC heap after
Heap after GC invocations=1337 (full 1268):
 def new generation   total 71552K, used 0K [0x1c000000, 0x20da0000, 0x26aa0000)
  eden space 63616K,   0% used [0x1c000000, 0x1c000000, 0x1fe20000)
  from space 7936K,   0% used [0x1fe20000, 0x1fe20000, 0x205e0000)
  to   space 7936K,   0% used [0x205e0000, 0x205e0000, 0x20da0000)
 tenured generation   total 158880K, used 85895K [0x26aa0000, 0x305c8000, 0x3c000000)
   the space 158880K,  54% used [0x26aa0000, 0x2be81eb0, 0x2be82000, 0x305c8000)
 compacting perm gen  total 81920K, used 81827K [0x3c000000, 0x41000000, 0x4c000000)
   the space 81920K,  99% used [0x3c000000, 0x40fe8eb0, 0x40fe9000, 0x41000000)
    ro space 10240K,  42% used [0x4c000000, 0x4c4350e0, 0x4c435200, 0x4ca00000)
    rw space 12288K,  51% used [0x4ca00000, 0x4d03ae78, 0x4d03b000, 0x4d600000)
}
Event: 75398.692 GC heap before
{Heap before GC invocations=1337 (full 1268):
 def new generation   total 71552K, used 3240K [0x1c000000, 0x20da0000, 0x26aa0000)
  eden space 63616K,   5% used [0x1c000000, 0x1c32a390, 0x1fe20000)
  from space 7936K,   0% used [0x1fe20000, 0x1fe20000, 0x205e0000)
  to   space 7936K,   0% used [0x205e0000, 0x205e0000, 0x20da0000)
 tenured generation   total 158880K, used 85895K [0x26aa0000, 0x305c8000, 0x3c000000)
   the space 158880K,  54% used [0x26aa0000, 0x2be81eb0, 0x2be82000, 0x305c8000)
 compacting perm gen  total 81920K, used 81827K [0x3c000000, 0x41000000, 0x4c000000)
   the space 81920K,  99% used [0x3c000000, 0x40fe8eb0, 0x40fe9000, 0x41000000)
    ro space 10240K,  42% used [0x4c000000, 0x4c4350e0, 0x4c435200, 0x4ca00000)
    rw space 12288K,  51% used [0x4ca00000, 0x4d03ae78, 0x4d03b000, 0x4d600000)
Event: 75398.965 GC heap after
Heap after GC invocations=1338 (full 1269):
 def new generation   total 71552K, used 0K [0x1c000000, 0x20da0000, 0x26aa0000)
  eden space 63616K,   0% used [0x1c000000, 0x1c000000, 0x1fe20000)
  from space 7936K,   0% used [0x1fe20000, 0x1fe20000, 0x205e0000)
  to   space 7936K,   0% used [0x205e0000, 0x205e0000, 0x20da0000)
 tenured generation   total 158880K, used 85896K [0x26aa0000, 0x305c8000, 0x3c000000)
   the space 158880K,  54% used [0x26aa0000, 0x2be820e8, 0x2be82200, 0x305c8000)
 compacting perm gen  total 81920K, used 81827K [0x3c000000, 0x41000000, 0x4c000000)
   the space 81920K,  99% used [0x3c000000, 0x40fe8eb0, 0x40fe9000, 0x41000000)
    ro space 10240K,  42% used [0x4c000000, 0x4c4350e0, 0x4c435200, 0x4ca00000)
    rw space 12288K,  51% used [0x4ca00000, 0x4d03ae78, 0x4d03b000, 0x4d600000)
}
Event: 75458.703 GC heap before
{Heap before GC invocations=1338 (full 1269):
 def new generation   total 71552K, used 3240K [0x1c000000, 0x20da0000, 0x26aa0000)
  eden space 63616K,   5% used [0x1c000000, 0x1c32a380, 0x1fe20000)
  from space 7936K,   0% used [0x1fe20000, 0x1fe20000, 0x205e0000)
  to   space 7936K,   0% used [0x205e0000, 0x205e0000, 0x20da0000)
 tenured generation   total 158880K, used 85896K [0x26aa0000, 0x305c8000, 0x3c000000)
   the space 158880K,  54% used [0x26aa0000, 0x2be820e8, 0x2be82200, 0x305c8000)
 compacting perm gen  total 81920K, used 81827K [0x3c000000, 0x41000000, 0x4c000000)
   the space 81920K,  99% used [0x3c000000, 0x40fe8eb0, 0x40fe9000, 0x41000000)
    ro space 10240K,  42% used [0x4c000000, 0x4c4350e0, 0x4c435200, 0x4ca00000)
    rw space 12288K,  51% used [0x4ca00000, 0x4d03ae78, 0x4d03b000, 0x4d600000)
Event: 75458.975 GC heap after
Heap after GC invocations=1339 (full 1270):
 def new generation   total 71552K, used 0K [0x1c000000, 0x20da0000, 0x26aa0000)
  eden space 63616K,   0% used [0x1c000000, 0x1c000000, 0x1fe20000)
  from space 7936K,   0% used [0x1fe20000, 0x1fe20000, 0x205e0000)
  to   space 7936K,   0% used [0x205e0000, 0x205e0000, 0x20da0000)
 tenured generation   total 158880K, used 85896K [0x26aa0000, 0x305c8000, 0x3c000000)
   the space 158880K,  54% used [0x26aa0000, 0x2be82320, 0x2be82400, 0x305c8000)
 compacting perm gen  total 81920K, used 81827K [0x3c000000, 0x41000000, 0x4c000000)
   the space 81920K,  99% used [0x3c000000, 0x40fe8eb0, 0x40fe9000, 0x41000000)
    ro space 10240K,  42% used [0x4c000000, 0x4c4350e0, 0x4c435200, 0x4ca00000)
    rw space 12288K,  51% used [0x4ca00000, 0x4d03ae78, 0x4d03b000, 0x4d600000)
}

